生成启动时间为 2020/7/14 星期二 9:17:39。
     1>项目“E:\下载\CSDN下载\连通区域的面积和周长\标识物体测量面积周长\DSplit.vcxproj”在节点 2 上(Build 个目标)。
     1>ClCompile:
         E:\VS2012\VC\bin\CL.exe /c /ZI /nologo /W3 /WX- /Od /Oy- /D WIN32 /D _DEBUG /D _WINDOWS /D _VC80_UPGRADE=0x0600 /D _AFXDLL /Gm /EHsc /MDd /GS /Gy- /fp:precise /Zc:wchar_t /Zc:forScope /Yu"stdafx.h" /Fp".\Debug\DSplit.pch" /Fo".\Debug\\" /Fd".\Debug\vc110.pdb" /Gd /TP /analyze- /errorReport:prompt Cdib.cpp DELSMALL.cpp DSplit.cpp DSplitDoc.cpp DSplitView.cpp DynSplitView2.cpp DynSplitterWnd.cpp JisuanProcessDib.cpp LINEDLG.cpp MainFrm.cpp SquareDlg.cpp YuZhi.cpp
         YuZhi.cpp
         SquareDlg.cpp
         MainFrm.cpp
         LINEDLG.cpp
         JisuanProcessDib.cpp
         DynSplitterWnd.cpp
         DynSplitView2.cpp
     1>e:\下载\csdn下载\连通区域的面积和周长\标识物体测量面积周长\dynsplitview2.cpp(308): warning C4101: “j”: 未引用的局部变量
         DSplitView.cpp
         DSplitDoc.cpp
         DSplit.cpp
     1>e:\下载\csdn下载\连通区域的面积和周长\标识物体测量面积周长\dsplit.cpp(58): warning C4996: 'CWinApp::Enable3dControls': CWinApp::Enable3dControls is no longer needed. You should remove this call.
                 e:\vs2012\vc\atlmfc\include\afxwin.h(5361) : 参见“CWinApp::Enable3dControls”的声明
         DELSMALL.cpp
         Cdib.cpp
     1>e:\下载\csdn下载\连通区域的面积和周长\标识物体测量面积周长\cdib.cpp(19): warning C4996: 'strcpy': This function or variable may be unsafe. Consider using strcpy_s instead. To disable deprecation, use _CRT_SECURE_NO_WARNINGS. See online help for details.
                 e:\vs2012\vc\include\string.h(110) : 参见“strcpy”的声明
     1>e:\下载\csdn下载\连通区域的面积和周长\标识物体测量面积周长\cdib.cpp(24): warning C4244: “初始化”: 从“ULONGLONG”转换到“DWORD”，可能丢失数据
     1>e:\下载\csdn下载\连通区域的面积和周长\标识物体测量面积周长\cdib.cpp(146): warning C4996: 'strcpy': This function or variable may be unsafe. Consider using strcpy_s instead. To disable deprecation, use _CRT_SECURE_NO_WARNINGS. See online help for details.
                 e:\vs2012\vc\include\string.h(110) : 参见“strcpy”的声明
         正在生成代码...
       Link:
         E:\VS2012\VC\bin\link.exe /ERRORREPORT:PROMPT /OUT:".\Debug\DSplit.exe" /INCREMENTAL /NOLOGO opencv_ml249d.lib opencv_calib3d249d.lib opencv_contrib249d.lib opencv_core249d.lib opencv_features2d249d.lib opencv_flann249d.lib opencv_gpu249d.lib opencv_highgui249d.lib opencv_imgproc249d.lib opencv_legacy249d.lib opencv_objdetect249d.lib opencv_ts249d.lib opencv_video249d.lib opencv_nonfree249d.lib opencv_ocl249d.lib opencv_photo249d.lib opencv_stitching249d.lib opencv_superres249d.lib opencv_videostab249d.lib opencv_objdetect249.lib opencv_ts249.lib opencv_video249.lib opencv_nonfree249.lib opencv_ocl249.lib opencv_photo249.lib opencv_stitching249.lib opencv_superres249.lib opencv_videostab249.lib opencv_calib3d249.lib opencv_contrib249.lib opencv_core249.lib opencv_features2d249.lib opencv_flann249.lib opencv_gpu249.lib opencv_highgui249.lib opencv_imgproc249.lib opencv_legacy249.lib opencv_ml249.lib /MANIFEST /MANIFESTUAC:"level='asInvoker' uiAccess='false'" /manifest:embed /manifestinput:E:\VS2012\VC\Include\Manifest\dpiaware.manifest /DEBUG /PDB:".\Debug\DSplit.pdb" /SUBSYSTEM:WINDOWS /TLBID:1 /DYNAMICBASE /NXCOMPAT /IMPLIB:".\Debug\DSplit.lib" /MACHINE:X86 /SAFESEH .\Debug\DSplit.res
         .\Debug\Cdib.obj
         .\Debug\DELSMALL.obj
         .\Debug\DSplit.obj
         .\Debug\DSplitDoc.obj
         .\Debug\DSplitView.obj
         .\Debug\DynSplitterWnd.obj
         .\Debug\DynSplitView2.obj
         .\Debug\JisuanProcessDib.obj
         .\Debug\LINEDLG.obj
         .\Debug\MainFrm.obj
         .\Debug\SquareDlg.obj
         .\Debug\StdAfx.obj
         .\Debug\YuZhi.obj
     1>Cdib.obj : warning LNK4075: 忽略“/EDITANDCONTINUE”(由于“/SAFESEH”规范)
         DSplit.vcxproj -> E:\下载\CSDN下载\连通区域的面积和周长\标识物体测量面积周长\.\Debug\DSplit.exe
     1>已完成生成项目“E:\下载\CSDN下载\连通区域的面积和周长\标识物体测量面积周长\DSplit.vcxproj”(Build 个目标)的操作。

生成成功。

已用时间 00:00:05.08
